Performing C++ SOURCE FILE Test COMPILER_SUPPORT_Wshorten64to32 failed with the following output:
Change Dir: /home/ggandus/tbnegf/tbnegf/transport/cppbind/build/CMakeFiles/CMakeTmp

Run Build Command:"/usr/bin/make" "cmTC_d15c2/fast"
/usr/bin/make -f CMakeFiles/cmTC_d15c2.dir/build.make CMakeFiles/cmTC_d15c2.dir/build
make[1]: Entering directory '/home/ggandus/tbnegf/tbnegf/transport/cppbind/build/CMakeFiles/CMakeTmp'
Building CXX object CMakeFiles/cmTC_d15c2.dir/src.cxx.o
/usr/bin/c++    -std=c++03 -pedantic -Wall -Wextra -Wundef -Wcast-align -Wchar-subscripts -Wnon-virtual-dtor -Wunused-local-typedefs -Wpointer-arith -Wwrite-strings -Wformat-security -DCOMPILER_SUPPORT_Wshorten64to32 -Werror   -Wshorten-64-to-32 -o CMakeFiles/cmTC_d15c2.dir/src.cxx.o -c /home/ggandus/tbnegf/tbnegf/transport/cppbind/build/CMakeFiles/CMakeTmp/src.cxx
c++: error: unrecognized command line option '-Wshorten-64-to-32'
CMakeFiles/cmTC_d15c2.dir/build.make:65: recipe for target 'CMakeFiles/cmTC_d15c2.dir/src.cxx.o' failed
make[1]: *** [CMakeFiles/cmTC_d15c2.dir/src.cxx.o] Error 1
make[1]: Leaving directory '/home/ggandus/tbnegf/tbnegf/transport/cppbind/build/CMakeFiles/CMakeTmp'
Makefile:121: recipe for target 'cmTC_d15c2/fast' failed
make: *** [cmTC_d15c2/fast] Error 2

Source file was:
int main() { return 0; }
Performing C++ SOURCE FILE Test COMPILER_SUPPORT_Wenumconversion failed with the following output:
Change Dir: /home/ggandus/tbnegf/tbnegf/transport/cppbind/build/CMakeFiles/CMakeTmp

Run Build Command:"/usr/bin/make" "cmTC_e717d/fast"
/usr/bin/make -f CMakeFiles/cmTC_e717d.dir/build.make CMakeFiles/cmTC_e717d.dir/build
make[1]: Entering directory '/home/ggandus/tbnegf/tbnegf/transport/cppbind/build/CMakeFiles/CMakeTmp'
Building CXX object CMakeFiles/cmTC_e717d.dir/src.cxx.o
/usr/bin/c++    -std=c++03 -pedantic -Wall -Wextra -Wundef -Wcast-align -Wchar-subscripts -Wnon-virtual-dtor -Wunused-local-typedefs -Wpointer-arith -Wwrite-strings -Wformat-security -Wlogical-op -DCOMPILER_SUPPORT_Wenumconversion -Werror   -Wenum-conversion -o CMakeFiles/cmTC_e717d.dir/src.cxx.o -c /home/ggandus/tbnegf/tbnegf/transport/cppbind/build/CMakeFiles/CMakeTmp/src.cxx
c++: error: unrecognized command line option '-Wenum-conversion'; did you mean '-Wno-conversion'?
CMakeFiles/cmTC_e717d.dir/build.make:65: recipe for target 'CMakeFiles/cmTC_e717d.dir/src.cxx.o' failed
make[1]: *** [CMakeFiles/cmTC_e717d.dir/src.cxx.o] Error 1
make[1]: Leaving directory '/home/ggandus/tbnegf/tbnegf/transport/cppbind/build/CMakeFiles/CMakeTmp'
Makefile:121: recipe for target 'cmTC_e717d/fast' failed
make: *** [cmTC_e717d/fast] Error 2

Source file was:
int main() { return 0; }
Performing C++ SOURCE FILE Test COMPILER_SUPPORT_Wcpp11extensions failed with the following output:
Change Dir: /home/ggandus/tbnegf/tbnegf/transport/cppbind/build/CMakeFiles/CMakeTmp

Run Build Command:"/usr/bin/make" "cmTC_82356/fast"
/usr/bin/make -f CMakeFiles/cmTC_82356.dir/build.make CMakeFiles/cmTC_82356.dir/build
make[1]: Entering directory '/home/ggandus/tbnegf/tbnegf/transport/cppbind/build/CMakeFiles/CMakeTmp'
Building CXX object CMakeFiles/cmTC_82356.dir/src.cxx.o
/usr/bin/c++    -std=c++03 -pedantic -Wall -Wextra -Wundef -Wcast-align -Wchar-subscripts -Wnon-virtual-dtor -Wunused-local-typedefs -Wpointer-arith -Wwrite-strings -Wformat-security -Wlogical-op -DCOMPILER_SUPPORT_Wcpp11extensions -Werror   -Wc++11-extensions -o CMakeFiles/cmTC_82356.dir/src.cxx.o -c /home/ggandus/tbnegf/tbnegf/transport/cppbind/build/CMakeFiles/CMakeTmp/src.cxx
c++: error: unrecognized command line option '-Wc++11-extensions'; did you mean '-fms-extensions'?
CMakeFiles/cmTC_82356.dir/build.make:65: recipe for target 'CMakeFiles/cmTC_82356.dir/src.cxx.o' failed
make[1]: *** [CMakeFiles/cmTC_82356.dir/src.cxx.o] Error 1
make[1]: Leaving directory '/home/ggandus/tbnegf/tbnegf/transport/cppbind/build/CMakeFiles/CMakeTmp'
Makefile:121: recipe for target 'cmTC_82356/fast' failed
make: *** [cmTC_82356/fast] Error 2

Source file was:
int main() { return 0; }
Performing C++ SOURCE FILE Test COMPILER_SUPPORT_wd981 failed with the following output:
Change Dir: /home/ggandus/tbnegf/tbnegf/transport/cppbind/build/CMakeFiles/CMakeTmp

Run Build Command:"/usr/bin/make" "cmTC_86081/fast"
/usr/bin/make -f CMakeFiles/cmTC_86081.dir/build.make CMakeFiles/cmTC_86081.dir/build
make[1]: Entering directory '/home/ggandus/tbnegf/tbnegf/transport/cppbind/build/CMakeFiles/CMakeTmp'
Building CXX object CMakeFiles/cmTC_86081.dir/src.cxx.o
/usr/bin/c++    -std=c++03 -pedantic -Wall -Wextra -Wundef -Wcast-align -Wchar-subscripts -Wnon-virtual-dtor -Wunused-local-typedefs -Wpointer-arith -Wwrite-strings -Wformat-security -Wlogical-op -Wdouble-promotion -Wshadow -Wno-psabi -Wno-variadic-macros -Wno-long-long -fno-check-new -fno-common -fstrict-aliasing -DCOMPILER_SUPPORT_wd981 -Werror   -wd981 -o CMakeFiles/cmTC_86081.dir/src.cxx.o -c /home/ggandus/tbnegf/tbnegf/transport/cppbind/build/CMakeFiles/CMakeTmp/src.cxx
c++: error: unrecognized command line option '-wd981'
CMakeFiles/cmTC_86081.dir/build.make:65: recipe for target 'CMakeFiles/cmTC_86081.dir/src.cxx.o' failed
make[1]: *** [CMakeFiles/cmTC_86081.dir/src.cxx.o] Error 1
make[1]: Leaving directory '/home/ggandus/tbnegf/tbnegf/transport/cppbind/build/CMakeFiles/CMakeTmp'
Makefile:121: recipe for target 'cmTC_86081/fast' failed
make: *** [cmTC_86081/fast] Error 2

Source file was:
int main() { return 0; }
Performing C++ SOURCE FILE Test COMPILER_SUPPORT_wd2304 failed with the following output:
Change Dir: /home/ggandus/tbnegf/tbnegf/transport/cppbind/build/CMakeFiles/CMakeTmp

Run Build Command:"/usr/bin/make" "cmTC_9610b/fast"
/usr/bin/make -f CMakeFiles/cmTC_9610b.dir/build.make CMakeFiles/cmTC_9610b.dir/build
make[1]: Entering directory '/home/ggandus/tbnegf/tbnegf/transport/cppbind/build/CMakeFiles/CMakeTmp'
Building CXX object CMakeFiles/cmTC_9610b.dir/src.cxx.o
/usr/bin/c++    -std=c++03 -pedantic -Wall -Wextra -Wundef -Wcast-align -Wchar-subscripts -Wnon-virtual-dtor -Wunused-local-typedefs -Wpointer-arith -Wwrite-strings -Wformat-security -Wlogical-op -Wdouble-promotion -Wshadow -Wno-psabi -Wno-variadic-macros -Wno-long-long -fno-check-new -fno-common -fstrict-aliasing -DCOMPILER_SUPPORT_wd2304 -Werror   -wd2304 -o CMakeFiles/cmTC_9610b.dir/src.cxx.o -c /home/ggandus/tbnegf/tbnegf/transport/cppbind/build/CMakeFiles/CMakeTmp/src.cxx
c++: error: unrecognized command line option '-wd2304'
CMakeFiles/cmTC_9610b.dir/build.make:65: recipe for target 'CMakeFiles/cmTC_9610b.dir/src.cxx.o' failed
make[1]: *** [CMakeFiles/cmTC_9610b.dir/src.cxx.o] Error 1
make[1]: Leaving directory '/home/ggandus/tbnegf/tbnegf/transport/cppbind/build/CMakeFiles/CMakeTmp'
Makefile:121: recipe for target 'cmTC_9610b/fast' failed
make: *** [cmTC_9610b/fast] Error 2

Source file was:
int main() { return 0; }
Performing C++ SOURCE FILE Test COMPILER_SUPPORT_STRICTANSI failed with the following output:
Change Dir: /home/ggandus/tbnegf/tbnegf/transport/cppbind/build/CMakeFiles/CMakeTmp

Run Build Command:"/usr/bin/make" "cmTC_7e3f6/fast"
/usr/bin/make -f CMakeFiles/cmTC_7e3f6.dir/build.make CMakeFiles/cmTC_7e3f6.dir/build
make[1]: Entering directory '/home/ggandus/tbnegf/tbnegf/transport/cppbind/build/CMakeFiles/CMakeTmp'
Building CXX object CMakeFiles/cmTC_7e3f6.dir/src.cxx.o
/usr/bin/c++    -std=c++03 -pedantic -Wall -Wextra -Wundef -Wcast-align -Wchar-subscripts -Wnon-virtual-dtor -Wunused-local-typedefs -Wpointer-arith -Wwrite-strings -Wformat-security -Wlogical-op -Wdouble-promotion -Wshadow -Wno-psabi -Wno-variadic-macros -Wno-long-long -fno-check-new -fno-common -fstrict-aliasing -DCOMPILER_SUPPORT_STRICTANSI -Werror   -strict-ansi -o CMakeFiles/cmTC_7e3f6.dir/src.cxx.o -c /home/ggandus/tbnegf/tbnegf/transport/cppbind/build/CMakeFiles/CMakeTmp/src.cxx
c++: error: unrecognized command line option '-strict-ansi'; did you mean '-fstrict-enums'?
CMakeFiles/cmTC_7e3f6.dir/build.make:65: recipe for target 'CMakeFiles/cmTC_7e3f6.dir/src.cxx.o' failed
make[1]: *** [CMakeFiles/cmTC_7e3f6.dir/src.cxx.o] Error 1
make[1]: Leaving directory '/home/ggandus/tbnegf/tbnegf/transport/cppbind/build/CMakeFiles/CMakeTmp'
Makefile:121: recipe for target 'cmTC_7e3f6/fast' failed
make: *** [cmTC_7e3f6/fast] Error 2

Source file was:
int main() { return 0; }
Performing C++ SOURCE FILE Test COMPILER_SUPPORT_Qunusedarguments failed with the following output:
Change Dir: /home/ggandus/tbnegf/tbnegf/transport/cppbind/build/CMakeFiles/CMakeTmp

Run Build Command:"/usr/bin/make" "cmTC_cdf67/fast"
/usr/bin/make -f CMakeFiles/cmTC_cdf67.dir/build.make CMakeFiles/cmTC_cdf67.dir/build
make[1]: Entering directory '/home/ggandus/tbnegf/tbnegf/transport/cppbind/build/CMakeFiles/CMakeTmp'
Building CXX object CMakeFiles/cmTC_cdf67.dir/src.cxx.o
/usr/bin/c++    -std=c++03 -pedantic -Wall -Wextra -Wundef -Wcast-align -Wchar-subscripts -Wnon-virtual-dtor -Wunused-local-typedefs -Wpointer-arith -Wwrite-strings -Wformat-security -Wlogical-op -Wdouble-promotion -Wshadow -Wno-psabi -Wno-variadic-macros -Wno-long-long -fno-check-new -fno-common -fstrict-aliasing -DCOMPILER_SUPPORT_Qunusedarguments -Werror   -Qunused-arguments -o CMakeFiles/cmTC_cdf67.dir/src.cxx.o -c /home/ggandus/tbnegf/tbnegf/transport/cppbind/build/CMakeFiles/CMakeTmp/src.cxx
c++: error: unrecognized command line option '-Qunused-arguments'; did you mean '-Wunused-parameter'?
CMakeFiles/cmTC_cdf67.dir/build.make:65: recipe for target 'CMakeFiles/cmTC_cdf67.dir/src.cxx.o' failed
make[1]: *** [CMakeFiles/cmTC_cdf67.dir/src.cxx.o] Error 1
make[1]: Leaving directory '/home/ggandus/tbnegf/tbnegf/transport/cppbind/build/CMakeFiles/CMakeTmp'
Makefile:121: recipe for target 'cmTC_cdf67/fast' failed
make: *** [cmTC_cdf67/fast] Error 2

Source file was:
int main() { return 0; }
